\BOOKMARK [0][-]{chapter.1}{\376\377\0001\000\040\000N\000a\000m\000e\000s\000p\000a\000c\000e\000\040\000I\000n\000d\000e\000x}{}% 1
\BOOKMARK [1][-]{section.1.1}{\376\377\0001\000.\0001\000\040\000P\000a\000c\000k\000a\000g\000e\000s}{chapter.1}% 2
\BOOKMARK [0][-]{chapter.2}{\376\377\0002\000\040\000C\000l\000a\000s\000s\000\040\000I\000n\000d\000e\000x}{}% 3
\BOOKMARK [1][-]{section.2.1}{\376\377\0002\000.\0001\000\040\000C\000l\000a\000s\000s\000\040\000L\000i\000s\000t}{chapter.2}% 4
\BOOKMARK [0][-]{chapter.3}{\376\377\0003\000\040\000N\000a\000m\000e\000s\000p\000a\000c\000e\000\040\000D\000o\000c\000u\000m\000e\000n\000t\000a\000t\000i\000o\000n}{}% 5
\BOOKMARK [1][-]{section.3.1}{\376\377\0003\000.\0001\000\040\000P\000a\000c\000k\000a\000g\000e\000\040\000R\000e\000v\000e\000r\000s\000e\000P\000o\000l\000i\000s\000h\000C\000a\000l\000c\000u\000l\000a\000t\000o\000r}{chapter.3}% 6
\BOOKMARK [0][-]{chapter.4}{\376\377\0004\000\040\000C\000l\000a\000s\000s\000\040\000D\000o\000c\000u\000m\000e\000n\000t\000a\000t\000i\000o\000n}{}% 7
\BOOKMARK [1][-]{section.4.1}{\376\377\0004\000.\0001\000\040\000R\000e\000v\000e\000r\000s\000e\000P\000o\000l\000i\000s\000h\000C\000a\000l\000c\000u\000l\000a\000t\000o\000r\000.\000R\000e\000v\000e\000r\000s\000e\000P\000o\000l\000i\000s\000h\000C\000a\000l\000c\000u\000l\000a\000t\000o\000r\000\040\000C\000l\000a\000s\000s\000\040\000R\000e\000f\000e\000r\000e\000n\000c\000e}{chapter.4}% 8
\BOOKMARK [2][-]{subsection.4.1.1}{\376\377\0004\000.\0001\000.\0001\000\040\000D\000e\000t\000a\000i\000l\000e\000d\000\040\000D\000e\000s\000c\000r\000i\000p\000t\000i\000o\000n}{section.4.1}% 9
\BOOKMARK [2][-]{subsection.4.1.2}{\376\377\0004\000.\0001\000.\0002\000\040\000M\000e\000m\000b\000e\000r\000\040\000F\000u\000n\000c\000t\000i\000o\000n\000\040\000D\000o\000c\000u\000m\000e\000n\000t\000a\000t\000i\000o\000n}{section.4.1}% 10
\BOOKMARK [3][-]{subsubsection.4.1.2.1}{\376\377\0004\000.\0001\000.\0002\000.\0001\000\040\000C\000a\000l\000c\000u\000l\000a\000t\000e\000E\000x\000p\000r\000e\000s\000s\000i\000o\000n}{subsection.4.1.2}% 11
\BOOKMARK [1][-]{section.4.2}{\376\377\0004\000.\0002\000\040\000R\000e\000v\000e\000r\000s\000e\000P\000o\000l\000i\000s\000h\000C\000a\000l\000c\000u\000l\000a\000t\000o\000r\000.\000R\000e\000v\000e\000r\000s\000e\000P\000o\000l\000i\000s\000h\000C\000a\000l\000c\000u\000l\000a\000t\000o\000r\000T\000e\000s\000t\000s\000\040\000C\000l\000a\000s\000s\000\040\000R\000e\000f\000e\000r\000e\000n\000c\000e}{chapter.4}% 12
\BOOKMARK [2][-]{subsection.4.2.1}{\376\377\0004\000.\0002\000.\0001\000\040\000D\000e\000t\000a\000i\000l\000e\000d\000\040\000D\000e\000s\000c\000r\000i\000p\000t\000i\000o\000n}{section.4.2}% 13
\BOOKMARK [2][-]{subsection.4.2.2}{\376\377\0004\000.\0002\000.\0002\000\040\000M\000e\000m\000b\000e\000r\000\040\000F\000u\000n\000c\000t\000i\000o\000n\000\040\000D\000o\000c\000u\000m\000e\000n\000t\000a\000t\000i\000o\000n}{section.4.2}% 14
\BOOKMARK [3][-]{subsubsection.4.2.2.1}{\376\377\0004\000.\0002\000.\0002\000.\0001\000\040\000T\000e\000s\000t\000C\000o\000m\000p\000l\000e\000x\000E\000x\000p\000r\000e\000s\000s\000i\000o\000n\000O\000p\000e\000r\000a\000t\000o\000r}{subsection.4.2.2}% 15
\BOOKMARK [3][-]{subsubsection.4.2.2.2}{\376\377\0004\000.\0002\000.\0002\000.\0002\000\040\000T\000e\000s\000t\000C\000o\000s\000O\000p\000e\000r\000a\000t\000o\000r}{subsection.4.2.2}% 16
\BOOKMARK [3][-]{subsubsection.4.2.2.3}{\376\377\0004\000.\0002\000.\0002\000.\0003\000\040\000T\000e\000s\000t\000D\000i\000v\000i\000d\000e\000O\000p\000e\000r\000a\000t\000o\000r}{subsection.4.2.2}% 17
\BOOKMARK [3][-]{subsubsection.4.2.2.4}{\376\377\0004\000.\0002\000.\0002\000.\0004\000\040\000T\000e\000s\000t\000E\000m\000p\000t\000y\000I\000n\000p\000u\000t}{subsection.4.2.2}% 18
\BOOKMARK [3][-]{subsubsection.4.2.2.5}{\376\377\0004\000.\0002\000.\0002\000.\0005\000\040\000T\000e\000s\000t\000E\000x\000p\000r\000e\000s\000s\000i\000o\000n\000W\000i\000t\000h\000L\000e\000t\000t\000e\000r\000s\000O\000p\000e\000r\000a\000t\000o\000r}{subsection.4.2.2}% 19
\BOOKMARK [3][-]{subsubsection.4.2.2.6}{\376\377\0004\000.\0002\000.\0002\000.\0006\000\040\000T\000e\000s\000t\000M\000i\000n\000u\000s\000O\000p\000e\000r\000a\000t\000o\000r}{subsection.4.2.2}% 20
\BOOKMARK [3][-]{subsubsection.4.2.2.7}{\376\377\0004\000.\0002\000.\0002\000.\0007\000\040\000T\000e\000s\000t\000M\000u\000l\000t\000i\000p\000l\000y\000O\000p\000e\000r\000a\000t\000o\000r}{subsection.4.2.2}% 21
\BOOKMARK [3][-]{subsubsection.4.2.2.8}{\376\377\0004\000.\0002\000.\0002\000.\0008\000\040\000T\000e\000s\000t\000N\000u\000l\000l\000I\000n\000p\000u\000t}{subsection.4.2.2}% 22
\BOOKMARK [3][-]{subsubsection.4.2.2.9}{\376\377\0004\000.\0002\000.\0002\000.\0009\000\040\000T\000e\000s\000t\000P\000l\000u\000s\000O\000p\000e\000r\000a\000t\000o\000r}{subsection.4.2.2}% 23
\BOOKMARK [3][-]{subsubsection.4.2.2.10}{\376\377\0004\000.\0002\000.\0002\000.\0001\0000\000\040\000T\000e\000s\000t\000P\000o\000v\000O\000p\000e\000r\000a\000t\000o\000r}{subsection.4.2.2}% 24
\BOOKMARK [3][-]{subsubsection.4.2.2.11}{\376\377\0004\000.\0002\000.\0002\000.\0001\0001\000\040\000T\000e\000s\000t\000S\000i\000n\000O\000p\000e\000r\000a\000t\000o\000r}{subsection.4.2.2}% 25
\BOOKMARK [3][-]{subsubsection.4.2.2.12}{\376\377\0004\000.\0002\000.\0002\000.\0001\0002\000\040\000T\000e\000s\000t\000S\000q\000r\000t\000O\000p\000e\000r\000a\000t\000o\000r}{subsection.4.2.2}% 26
