\BOOKMARK [0][-]{chapter.1}{\376\377\0001\000\040\000N\000a\000m\000e\000s\000p\000a\000c\000e\000\040\000I\000n\000d\000e\000x}{}% 1
\BOOKMARK [1][-]{section.1.1}{\376\377\0001\000.\0001\000\040\000P\000a\000c\000k\000a\000g\000e\000s}{chapter.1}% 2
\BOOKMARK [0][-]{chapter.2}{\376\377\0002\000\040\000H\000i\000e\000r\000a\000r\000c\000h\000i\000c\000a\000l\000\040\000I\000n\000d\000e\000x}{}% 3
\BOOKMARK [1][-]{section.2.1}{\376\377\0002\000.\0001\000\040\000C\000l\000a\000s\000s\000\040\000H\000i\000e\000r\000a\000r\000c\000h\000y}{chapter.2}% 4
\BOOKMARK [0][-]{chapter.3}{\376\377\0003\000\040\000C\000l\000a\000s\000s\000\040\000I\000n\000d\000e\000x}{}% 5
\BOOKMARK [1][-]{section.3.1}{\376\377\0003\000.\0001\000\040\000C\000l\000a\000s\000s\000\040\000L\000i\000s\000t}{chapter.3}% 6
\BOOKMARK [0][-]{chapter.4}{\376\377\0004\000\040\000N\000a\000m\000e\000s\000p\000a\000c\000e\000\040\000D\000o\000c\000u\000m\000e\000n\000t\000a\000t\000i\000o\000n}{}% 7
\BOOKMARK [1][-]{section.4.1}{\376\377\0004\000.\0001\000\040\000P\000a\000c\000k\000a\000g\000e\000\040\000I\000n\000h\000e\000r\000i\000t\000a\000n\000c\000e\000R\000P\000C\000\137\000P\000r\000o\000j\000e\000c\000t}{chapter.4}% 8
\BOOKMARK [0][-]{chapter.5}{\376\377\0005\000\040\000C\000l\000a\000s\000s\000\040\000D\000o\000c\000u\000m\000e\000n\000t\000a\000t\000i\000o\000n}{}% 9
\BOOKMARK [1][-]{section.5.1}{\376\377\0005\000.\0001\000\040\000I\000n\000h\000e\000r\000i\000t\000a\000n\000c\000e\000R\000P\000C\000\137\000P\000r\000o\000j\000e\000c\000t\000.\000B\000i\000n\000a\000r\000y\000O\000p\000e\000r\000a\000t\000i\000o\000n\000\040\000C\000l\000a\000s\000s\000\040\000R\000e\000f\000e\000r\000e\000n\000c\000e}{chapter.5}% 10
\BOOKMARK [2][-]{subsection.5.1.1}{\376\377\0005\000.\0001\000.\0001\000\040\000D\000e\000t\000a\000i\000l\000e\000d\000\040\000D\000e\000s\000c\000r\000i\000p\000t\000i\000o\000n}{section.5.1}% 11
\BOOKMARK [2][-]{subsection.5.1.2}{\376\377\0005\000.\0001\000.\0002\000\040\000C\000o\000n\000s\000t\000r\000u\000c\000t\000o\000r\000\040\000\046\000\040\000D\000e\000s\000t\000r\000u\000c\000t\000o\000r\000\040\000D\000o\000c\000u\000m\000e\000n\000t\000a\000t\000i\000o\000n}{section.5.1}% 12
\BOOKMARK [3][-]{subsubsection.5.1.2.1}{\376\377\0005\000.\0001\000.\0002\000.\0001\000\040\000B\000i\000n\000a\000r\000y\000O\000p\000e\000r\000a\000t\000i\000o\000n}{subsection.5.1.2}% 13
\BOOKMARK [2][-]{subsection.5.1.3}{\376\377\0005\000.\0001\000.\0003\000\040\000M\000e\000m\000b\000e\000r\000\040\000F\000u\000n\000c\000t\000i\000o\000n\000\040\000D\000o\000c\000u\000m\000e\000n\000t\000a\000t\000i\000o\000n}{section.5.1}% 14
\BOOKMARK [3][-]{subsubsection.5.1.3.1}{\376\377\0005\000.\0001\000.\0003\000.\0001\000\040\000E\000x\000e\000c\000u\000t\000e}{subsection.5.1.3}% 15
\BOOKMARK [1][-]{section.5.2}{\376\377\0005\000.\0002\000\040\000I\000n\000h\000e\000r\000i\000t\000a\000n\000c\000e\000R\000P\000C\000\137\000P\000r\000o\000j\000e\000c\000t\000.\000I\000n\000h\000e\000r\000i\000t\000a\000n\000c\000e\000R\000P\000C\000\040\000C\000l\000a\000s\000s\000\040\000R\000e\000f\000e\000r\000e\000n\000c\000e}{chapter.5}% 16
\BOOKMARK [2][-]{subsection.5.2.1}{\376\377\0005\000.\0002\000.\0001\000\040\000D\000e\000t\000a\000i\000l\000e\000d\000\040\000D\000e\000s\000c\000r\000i\000p\000t\000i\000o\000n}{section.5.2}% 17
\BOOKMARK [2][-]{subsection.5.2.2}{\376\377\0005\000.\0002\000.\0002\000\040\000C\000o\000n\000s\000t\000r\000u\000c\000t\000o\000r\000\040\000\046\000\040\000D\000e\000s\000t\000r\000u\000c\000t\000o\000r\000\040\000D\000o\000c\000u\000m\000e\000n\000t\000a\000t\000i\000o\000n}{section.5.2}% 18
\BOOKMARK [3][-]{subsubsection.5.2.2.1}{\376\377\0005\000.\0002\000.\0002\000.\0001\000\040\000I\000n\000h\000e\000r\000i\000t\000a\000n\000c\000e\000R\000P\000C}{subsection.5.2.2}% 19
\BOOKMARK [2][-]{subsection.5.2.3}{\376\377\0005\000.\0002\000.\0003\000\040\000M\000e\000m\000b\000e\000r\000\040\000F\000u\000n\000c\000t\000i\000o\000n\000\040\000D\000o\000c\000u\000m\000e\000n\000t\000a\000t\000i\000o\000n}{section.5.2}% 20
\BOOKMARK [3][-]{subsubsection.5.2.3.1}{\376\377\0005\000.\0002\000.\0003\000.\0001\000\040\000C\000a\000l\000c\000u\000l\000a\000t\000e\000E\000x\000p\000r\000e\000s\000s\000i\000o\000n}{subsection.5.2.3}% 21
\BOOKMARK [1][-]{section.5.3}{\376\377\0005\000.\0003\000\040\000I\000n\000h\000e\000r\000i\000t\000a\000n\000c\000e\000R\000P\000C\000\137\000P\000r\000o\000j\000e\000c\000t\000.\000I\000n\000h\000e\000r\000i\000t\000a\000n\000c\000e\000R\000P\000C\000t\000e\000s\000t\000s\000\040\000C\000l\000a\000s\000s\000\040\000R\000e\000f\000e\000r\000e\000n\000c\000e}{chapter.5}% 22
\BOOKMARK [2][-]{subsection.5.3.1}{\376\377\0005\000.\0003\000.\0001\000\040\000M\000e\000m\000b\000e\000r\000\040\000F\000u\000n\000c\000t\000i\000o\000n\000\040\000D\000o\000c\000u\000m\000e\000n\000t\000a\000t\000i\000o\000n}{section.5.3}% 23
\BOOKMARK [3][-]{subsubsection.5.3.1.1}{\376\377\0005\000.\0003\000.\0001\000.\0001\000\040\000T\000e\000s\000t\000A\000b\000s\000O\000p\000e\000r\000a\000t\000o\000r}{subsection.5.3.1}% 24
\BOOKMARK [3][-]{subsubsection.5.3.1.2}{\376\377\0005\000.\0003\000.\0001\000.\0002\000\040\000T\000e\000s\000t\000C\000o\000m\000p\000l\000e\000x\000E\000x\000p\000r\000e\000s\000s\000i\000o\000n\000O\000p\000e\000r\000a\000t\000o\000r}{subsection.5.3.1}% 25
\BOOKMARK [3][-]{subsubsection.5.3.1.3}{\376\377\0005\000.\0003\000.\0001\000.\0003\000\040\000T\000e\000s\000t\000C\000o\000s\000O\000p\000e\000r\000a\000t\000o\000r}{subsection.5.3.1}% 26
\BOOKMARK [3][-]{subsubsection.5.3.1.4}{\376\377\0005\000.\0003\000.\0001\000.\0004\000\040\000T\000e\000s\000t\000D\000i\000v\000i\000d\000e\000O\000p\000e\000r\000a\000t\000o\000r}{subsection.5.3.1}% 27
\BOOKMARK [3][-]{subsubsection.5.3.1.5}{\376\377\0005\000.\0003\000.\0001\000.\0005\000\040\000T\000e\000s\000t\000E\000m\000p\000t\000y\000I\000n\000p\000u\000t}{subsection.5.3.1}% 28
\BOOKMARK [3][-]{subsubsection.5.3.1.6}{\376\377\0005\000.\0003\000.\0001\000.\0006\000\040\000T\000e\000s\000t\000E\000x\000p\000r\000e\000s\000s\000i\000o\000n\000W\000i\000t\000h\000L\000e\000t\000t\000e\000r\000s\000O\000p\000e\000r\000a\000t\000o\000r}{subsection.5.3.1}% 29
\BOOKMARK [3][-]{subsubsection.5.3.1.7}{\376\377\0005\000.\0003\000.\0001\000.\0007\000\040\000T\000e\000s\000t\000M\000i\000n\000u\000s\000O\000p\000e\000r\000a\000t\000o\000r}{subsection.5.3.1}% 30
\BOOKMARK [3][-]{subsubsection.5.3.1.8}{\376\377\0005\000.\0003\000.\0001\000.\0008\000\040\000T\000e\000s\000t\000M\000u\000l\000t\000i\000p\000l\000y\000O\000p\000e\000r\000a\000t\000o\000r}{subsection.5.3.1}% 31
\BOOKMARK [3][-]{subsubsection.5.3.1.9}{\376\377\0005\000.\0003\000.\0001\000.\0009\000\040\000T\000e\000s\000t\000N\000u\000l\000l\000I\000n\000p\000u\000t}{subsection.5.3.1}% 32
\BOOKMARK [3][-]{subsubsection.5.3.1.10}{\376\377\0005\000.\0003\000.\0001\000.\0001\0000\000\040\000T\000e\000s\000t\000P\000l\000u\000s\000O\000p\000e\000r\000a\000t\000o\000r}{subsection.5.3.1}% 33
\BOOKMARK [3][-]{subsubsection.5.3.1.11}{\376\377\0005\000.\0003\000.\0001\000.\0001\0001\000\040\000T\000e\000s\000t\000P\000o\000w\000O\000p\000e\000r\000a\000t\000o\000r}{subsection.5.3.1}% 34
\BOOKMARK [3][-]{subsubsection.5.3.1.12}{\376\377\0005\000.\0003\000.\0001\000.\0001\0002\000\040\000T\000e\000s\000t\000S\000i\000n\000O\000p\000e\000r\000a\000t\000o\000r}{subsection.5.3.1}% 35
\BOOKMARK [3][-]{subsubsection.5.3.1.13}{\376\377\0005\000.\0003\000.\0001\000.\0001\0003\000\040\000T\000e\000s\000t\000S\000q\000r\000t\000O\000p\000e\000r\000a\000t\000o\000r}{subsection.5.3.1}% 36
\BOOKMARK [1][-]{section.5.4}{\376\377\0005\000.\0004\000\040\000I\000n\000h\000e\000r\000i\000t\000a\000n\000c\000e\000R\000P\000C\000\137\000P\000r\000o\000j\000e\000c\000t\000.\000I\000O\000p\000e\000r\000a\000t\000i\000o\000n\000\040\000I\000n\000t\000e\000r\000f\000a\000c\000e\000\040\000R\000e\000f\000e\000r\000e\000n\000c\000e}{chapter.5}% 37
\BOOKMARK [2][-]{subsection.5.4.1}{\376\377\0005\000.\0004\000.\0001\000\040\000D\000e\000t\000a\000i\000l\000e\000d\000\040\000D\000e\000s\000c\000r\000i\000p\000t\000i\000o\000n}{section.5.4}% 38
\BOOKMARK [1][-]{section.5.5}{\376\377\0005\000.\0005\000\040\000I\000n\000h\000e\000r\000i\000t\000a\000n\000c\000e\000R\000P\000C\000\137\000P\000r\000o\000j\000e\000c\000t\000.\000U\000n\000a\000r\000y\000O\000p\000e\000r\000a\000t\000i\000o\000n\000\040\000C\000l\000a\000s\000s\000\040\000R\000e\000f\000e\000r\000e\000n\000c\000e}{chapter.5}% 39
\BOOKMARK [2][-]{subsection.5.5.1}{\376\377\0005\000.\0005\000.\0001\000\040\000D\000e\000t\000a\000i\000l\000e\000d\000\040\000D\000e\000s\000c\000r\000i\000p\000t\000i\000o\000n}{section.5.5}% 40
\BOOKMARK [2][-]{subsection.5.5.2}{\376\377\0005\000.\0005\000.\0002\000\040\000C\000o\000n\000s\000t\000r\000u\000c\000t\000o\000r\000\040\000\046\000\040\000D\000e\000s\000t\000r\000u\000c\000t\000o\000r\000\040\000D\000o\000c\000u\000m\000e\000n\000t\000a\000t\000i\000o\000n}{section.5.5}% 41
\BOOKMARK [3][-]{subsubsection.5.5.2.1}{\376\377\0005\000.\0005\000.\0002\000.\0001\000\040\000U\000n\000a\000r\000y\000O\000p\000e\000r\000a\000t\000i\000o\000n}{subsection.5.5.2}% 42
\BOOKMARK [2][-]{subsection.5.5.3}{\376\377\0005\000.\0005\000.\0003\000\040\000M\000e\000m\000b\000e\000r\000\040\000F\000u\000n\000c\000t\000i\000o\000n\000\040\000D\000o\000c\000u\000m\000e\000n\000t\000a\000t\000i\000o\000n}{section.5.5}% 43
\BOOKMARK [3][-]{subsubsection.5.5.3.1}{\376\377\0005\000.\0005\000.\0003\000.\0001\000\040\000E\000x\000e\000c\000u\000t\000e}{subsection.5.5.3}% 44
