\BOOKMARK [0][-]{section*.1}{Contents}{}% 1
\BOOKMARK [0][-]{chapter.1}{Introduction}{}% 2
\BOOKMARK [1][-]{section.1.1}{Purpose of the system}{chapter.1}% 3
\BOOKMARK [1][-]{section.1.2}{Scope of the system}{chapter.1}% 4
\BOOKMARK [1][-]{section.1.3}{Objectives and succes criteria of the project}{chapter.1}% 5
\BOOKMARK [1][-]{section.1.4}{Definitions, acronyms and abbrevations}{chapter.1}% 6
\BOOKMARK [1][-]{section.1.5}{References}{chapter.1}% 7
\BOOKMARK [1][-]{section.1.6}{Overview}{chapter.1}% 8
\BOOKMARK [0][-]{chapter.2}{Current System}{}% 9
\BOOKMARK [0][-]{chapter.3}{Proposed System}{}% 10
\BOOKMARK [1][-]{section.3.1}{Overview}{chapter.3}% 11
\BOOKMARK [1][-]{section.3.2}{Functional requirements}{chapter.3}% 12
\BOOKMARK [1][-]{section.3.3}{Nonfunctional requirements}{chapter.3}% 13
\BOOKMARK [1][-]{section.3.4}{System model}{chapter.3}% 14
\BOOKMARK [2][-]{section*.2}{Scenarios}{section.3.4}% 15
\BOOKMARK [2][-]{section*.3}{Use Case Models}{section.3.4}% 16
\BOOKMARK [2][-]{section*.4}{Initial object analysis}{section.3.4}% 17
\BOOKMARK [2][-]{section*.5}{Dynamic Model}{section.3.4}% 18
\BOOKMARK [2][-]{section*.8}{User Interface}{section.3.4}% 19
\BOOKMARK [0][-]{chapter.4}{Glossary}{}% 20
