\BOOKMARK [0][-]{chapter.1}{\376\377\0001\000\040\000N\000a\000m\000e\000s\000p\000a\000c\000e\000\040\000I\000n\000d\000e\000x}{}% 1
\BOOKMARK [1][-]{section.1.1}{\376\377\0001\000.\0001\000\040\000P\000a\000c\000k\000a\000g\000e\000s}{chapter.1}% 2
\BOOKMARK [0][-]{chapter.2}{\376\377\0002\000\040\000H\000i\000e\000r\000a\000r\000c\000h\000i\000c\000a\000l\000\040\000I\000n\000d\000e\000x}{}% 3
\BOOKMARK [1][-]{section.2.1}{\376\377\0002\000.\0001\000\040\000C\000l\000a\000s\000s\000\040\000H\000i\000e\000r\000a\000r\000c\000h\000y}{chapter.2}% 4
\BOOKMARK [0][-]{chapter.3}{\376\377\0003\000\040\000C\000l\000a\000s\000s\000\040\000I\000n\000d\000e\000x}{}% 5
\BOOKMARK [1][-]{section.3.1}{\376\377\0003\000.\0001\000\040\000C\000l\000a\000s\000s\000\040\000L\000i\000s\000t}{chapter.3}% 6
\BOOKMARK [0][-]{chapter.4}{\376\377\0004\000\040\000N\000a\000m\000e\000s\000p\000a\000c\000e\000\040\000D\000o\000c\000u\000m\000e\000n\000t\000a\000t\000i\000o\000n}{}% 7
\BOOKMARK [1][-]{section.4.1}{\376\377\0004\000.\0001\000\040\000P\000a\000c\000k\000a\000g\000e\000\040\000C\000a\000l\000e\000n\000d\000a\000r\000S\000y\000s\000t\000e\000m}{chapter.4}% 8
\BOOKMARK [1][-]{section.4.2}{\376\377\0004\000.\0002\000\040\000P\000a\000c\000k\000a\000g\000e\000\040\000C\000a\000l\000e\000n\000d\000a\000r\000S\000y\000s\000t\000e\000m\000.\000C\000o\000n\000t\000r\000o\000l\000l\000e\000r}{chapter.4}% 9
\BOOKMARK [1][-]{section.4.3}{\376\377\0004\000.\0003\000\040\000P\000a\000c\000k\000a\000g\000e\000\040\000C\000a\000l\000e\000n\000d\000a\000r\000S\000y\000s\000t\000e\000m\000.\000D\000a\000t\000a\000S\000t\000o\000r\000a\000g\000e}{chapter.4}% 10
\BOOKMARK [1][-]{section.4.4}{\376\377\0004\000.\0004\000\040\000P\000a\000c\000k\000a\000g\000e\000\040\000C\000a\000l\000e\000n\000d\000a\000r\000S\000y\000s\000t\000e\000m\000.\000M\000o\000d\000e\000l}{chapter.4}% 11
\BOOKMARK [1][-]{section.4.5}{\376\377\0004\000.\0005\000\040\000P\000a\000c\000k\000a\000g\000e\000\040\000C\000a\000l\000e\000n\000d\000a\000r\000S\000y\000s\000t\000e\000m\000.\000V\000i\000e\000w}{chapter.4}% 12
\BOOKMARK [1][-]{section.4.6}{\376\377\0004\000.\0006\000\040\000P\000a\000c\000k\000a\000g\000e\000\040\000C\000a\000l\000e\000n\000d\000a\000r\000S\000y\000s\000t\000e\000m\000T\000e\000s\000t\000s}{chapter.4}% 13
\BOOKMARK [0][-]{chapter.5}{\376\377\0005\000\040\000C\000l\000a\000s\000s\000\040\000D\000o\000c\000u\000m\000e\000n\000t\000a\000t\000i\000o\000n}{}% 14
\BOOKMARK [1][-]{section.5.1}{\376\377\0005\000.\0001\000\040\000C\000a\000l\000e\000n\000d\000a\000r\000S\000y\000s\000t\000e\000m\000.\000M\000o\000d\000e\000l\000.\000C\000a\000l\000e\000n\000d\000a\000r\000\040\000C\000l\000a\000s\000s\000\040\000R\000e\000f\000e\000r\000e\000n\000c\000e}{chapter.5}% 15
\BOOKMARK [2][-]{subsection.5.1.1}{\376\377\0005\000.\0001\000.\0001\000\040\000D\000e\000t\000a\000i\000l\000e\000d\000\040\000D\000e\000s\000c\000r\000i\000p\000t\000i\000o\000n}{section.5.1}% 16
\BOOKMARK [1][-]{section.5.2}{\376\377\0005\000.\0002\000\040\000C\000a\000l\000e\000n\000d\000a\000r\000S\000y\000s\000t\000e\000m\000.\000V\000i\000e\000w\000.\000C\000a\000l\000e\000n\000d\000a\000r\000V\000i\000e\000w\000\040\000C\000l\000a\000s\000s\000\040\000R\000e\000f\000e\000r\000e\000n\000c\000e}{chapter.5}% 17
\BOOKMARK [2][-]{subsection.5.2.1}{\376\377\0005\000.\0002\000.\0001\000\040\000D\000e\000t\000a\000i\000l\000e\000d\000\040\000D\000e\000s\000c\000r\000i\000p\000t\000i\000o\000n}{section.5.2}% 18
\BOOKMARK [2][-]{subsection.5.2.2}{\376\377\0005\000.\0002\000.\0002\000\040\000M\000e\000m\000b\000e\000r\000\040\000E\000n\000u\000m\000e\000r\000a\000t\000i\000o\000n\000\040\000D\000o\000c\000u\000m\000e\000n\000t\000a\000t\000i\000o\000n}{section.5.2}% 19
\BOOKMARK [3][-]{subsubsection.5.2.2.1}{\376\377\0005\000.\0002\000.\0002\000.\0001\000\040\000O\000v\000e\000r\000v\000i\000e\000w\000T\000y\000p\000e}{subsection.5.2.2}% 20
\BOOKMARK [2][-]{subsection.5.2.3}{\376\377\0005\000.\0002\000.\0003\000\040\000M\000e\000m\000b\000e\000r\000\040\000F\000u\000n\000c\000t\000i\000o\000n\000\040\000D\000o\000c\000u\000m\000e\000n\000t\000a\000t\000i\000o\000n}{section.5.2}% 21
\BOOKMARK [3][-]{subsubsection.5.2.3.1}{\376\377\0005\000.\0002\000.\0003\000.\0001\000\040\000c\000h\000a\000n\000g\000e\000O\000v\000e\000r\000v\000i\000e\000w\000T\000y\000p\000e}{subsection.5.2.3}% 22
\BOOKMARK [1][-]{section.5.3}{\376\377\0005\000.\0003\000\040\000C\000l\000a\000s\000s\0001\000\040\000C\000l\000a\000s\000s\000\040\000R\000e\000f\000e\000r\000e\000n\000c\000e}{chapter.5}% 23
\BOOKMARK [1][-]{section.5.4}{\376\377\0005\000.\0004\000\040\000C\000a\000l\000e\000n\000d\000a\000r\000S\000y\000s\000t\000e\000m\000.\000D\000a\000t\000a\000S\000t\000o\000r\000a\000g\000e\000.\000D\000a\000t\000a\000b\000a\000s\000e\000S\000t\000o\000r\000a\000g\000e\000\040\000C\000l\000a\000s\000s\000\040\000R\000e\000f\000e\000r\000e\000n\000c\000e}{chapter.5}% 24
\BOOKMARK [2][-]{subsection.5.4.1}{\376\377\0005\000.\0004\000.\0001\000\040\000D\000e\000t\000a\000i\000l\000e\000d\000\040\000D\000e\000s\000c\000r\000i\000p\000t\000i\000o\000n}{section.5.4}% 25
\BOOKMARK [2][-]{subsection.5.4.2}{\376\377\0005\000.\0004\000.\0002\000\040\000M\000e\000m\000b\000e\000r\000\040\000F\000u\000n\000c\000t\000i\000o\000n\000\040\000D\000o\000c\000u\000m\000e\000n\000t\000a\000t\000i\000o\000n}{section.5.4}% 26
\BOOKMARK [3][-]{subsubsection.5.4.2.1}{\376\377\0005\000.\0004\000.\0002\000.\0001\000\040\000B\000e\000O\000b\000s\000e\000r\000v\000e\000d}{subsection.5.4.2}% 27
\BOOKMARK [3][-]{subsubsection.5.4.2.2}{\376\377\0005\000.\0004\000.\0002\000.\0002\000\040\000B\000e\000O\000b\000s\000e\000r\000v\000e\000d}{subsection.5.4.2}% 28
\BOOKMARK [3][-]{subsubsection.5.4.2.3}{\376\377\0005\000.\0004\000.\0002\000.\0003\000\040\000C\000r\000e\000a\000t\000e\000T\000a\000g}{subsection.5.4.2}% 29
\BOOKMARK [3][-]{subsubsection.5.4.2.4}{\376\377\0005\000.\0004\000.\0002\000.\0004\000\040\000G\000e\000t\000A\000l\000l\000E\000v\000e\000n\000t\000s}{subsection.5.4.2}% 30
\BOOKMARK [3][-]{subsubsection.5.4.2.5}{\376\377\0005\000.\0004\000.\0002\000.\0005\000\040\000G\000e\000t\000E\000v\000e\000n\000t}{subsection.5.4.2}% 31
\BOOKMARK [3][-]{subsubsection.5.4.2.6}{\376\377\0005\000.\0004\000.\0002\000.\0006\000\040\000G\000e\000t\000E\000v\000e\000n\000t\000s\000B\000e\000t\000w\000e\000e\000n\000D\000a\000t\000e\000s}{subsection.5.4.2}% 32
\BOOKMARK [3][-]{subsubsection.5.4.2.7}{\376\377\0005\000.\0004\000.\0002\000.\0007\000\040\000l\000o\000g\000i\000n\000A\000u\000t\000h\000e\000n\000t\000i\000c\000a\000t\000i\000o\000n}{subsection.5.4.2}% 33
\BOOKMARK [3][-]{subsubsection.5.4.2.8}{\376\377\0005\000.\0004\000.\0002\000.\0008\000\040\000N\000o\000t\000i\000f\000y\000O\000b\000s\000e\000r\000v\000e\000r\000s}{subsection.5.4.2}% 34
\BOOKMARK [3][-]{subsubsection.5.4.2.9}{\376\377\0005\000.\0004\000.\0002\000.\0009\000\040\000S\000a\000v\000e\000E\000v\000e\000n\000t}{subsection.5.4.2}% 35
\BOOKMARK [3][-]{subsubsection.5.4.2.10}{\376\377\0005\000.\0004\000.\0002\000.\0001\0000\000\040\000U\000p\000d\000a\000t\000e\000E\000v\000e\000n\000t}{subsection.5.4.2}% 36
\BOOKMARK [1][-]{section.5.5}{\376\377\0005\000.\0005\000\040\000C\000a\000l\000e\000n\000d\000a\000r\000S\000y\000s\000t\000e\000m\000.\000M\000o\000d\000e\000l\000.\000E\000v\000e\000n\000t\000\040\000C\000l\000a\000s\000s\000\040\000R\000e\000f\000e\000r\000e\000n\000c\000e}{chapter.5}% 37
\BOOKMARK [2][-]{subsection.5.5.1}{\376\377\0005\000.\0005\000.\0001\000\040\000D\000e\000t\000a\000i\000l\000e\000d\000\040\000D\000e\000s\000c\000r\000i\000p\000t\000i\000o\000n}{section.5.5}% 38
\BOOKMARK [2][-]{subsection.5.5.2}{\376\377\0005\000.\0005\000.\0002\000\040\000M\000e\000m\000b\000e\000r\000\040\000F\000u\000n\000c\000t\000i\000o\000n\000\040\000D\000o\000c\000u\000m\000e\000n\000t\000a\000t\000i\000o\000n}{section.5.5}% 39
\BOOKMARK [3][-]{subsubsection.5.5.2.1}{\376\377\0005\000.\0005\000.\0002\000.\0001\000\040\000c\000h\000a\000n\000g\000e\000T\000a\000g}{subsection.5.5.2}% 40
\BOOKMARK [1][-]{section.5.6}{\376\377\0005\000.\0006\000\040\000C\000a\000l\000e\000n\000d\000a\000r\000S\000y\000s\000t\000e\000m\000.\000V\000i\000e\000w\000.\000E\000v\000e\000n\000t\000V\000i\000e\000w\000\040\000C\000l\000a\000s\000s\000\040\000R\000e\000f\000e\000r\000e\000n\000c\000e}{chapter.5}% 41
\BOOKMARK [2][-]{subsection.5.6.1}{\376\377\0005\000.\0006\000.\0001\000\040\000D\000e\000t\000a\000i\000l\000e\000d\000\040\000D\000e\000s\000c\000r\000i\000p\000t\000i\000o\000n}{section.5.6}% 42
\BOOKMARK [1][-]{section.5.7}{\376\377\0005\000.\0007\000\040\000C\000a\000l\000e\000n\000d\000a\000r\000S\000y\000s\000t\000e\000m\000.\000D\000a\000t\000a\000S\000t\000o\000r\000a\000g\000e\000.\000F\000a\000k\000e\000S\000t\000o\000r\000a\000g\000e\000\040\000C\000l\000a\000s\000s\000\040\000R\000e\000f\000e\000r\000e\000n\000c\000e}{chapter.5}% 43
\BOOKMARK [2][-]{subsection.5.7.1}{\376\377\0005\000.\0007\000.\0001\000\040\000D\000e\000t\000a\000i\000l\000e\000d\000\040\000D\000e\000s\000c\000r\000i\000p\000t\000i\000o\000n}{section.5.7}% 44
\BOOKMARK [2][-]{subsection.5.7.2}{\376\377\0005\000.\0007\000.\0002\000\040\000M\000e\000m\000b\000e\000r\000\040\000F\000u\000n\000c\000t\000i\000o\000n\000\040\000D\000o\000c\000u\000m\000e\000n\000t\000a\000t\000i\000o\000n}{section.5.7}% 45
\BOOKMARK [3][-]{subsubsection.5.7.2.1}{\376\377\0005\000.\0007\000.\0002\000.\0001\000\040\000B\000e\000O\000b\000s\000e\000r\000v\000e\000d}{subsection.5.7.2}% 46
\BOOKMARK [3][-]{subsubsection.5.7.2.2}{\376\377\0005\000.\0007\000.\0002\000.\0002\000\040\000B\000e\000O\000b\000s\000e\000r\000v\000e\000d}{subsection.5.7.2}% 47
\BOOKMARK [3][-]{subsubsection.5.7.2.3}{\376\377\0005\000.\0007\000.\0002\000.\0003\000\040\000C\000r\000e\000a\000t\000e\000T\000a\000g}{subsection.5.7.2}% 48
\BOOKMARK [3][-]{subsubsection.5.7.2.4}{\376\377\0005\000.\0007\000.\0002\000.\0004\000\040\000G\000e\000t\000A\000l\000l\000E\000v\000e\000n\000t\000s}{subsection.5.7.2}% 49
\BOOKMARK [3][-]{subsubsection.5.7.2.5}{\376\377\0005\000.\0007\000.\0002\000.\0005\000\040\000G\000e\000t\000E\000v\000e\000n\000t}{subsection.5.7.2}% 50
\BOOKMARK [3][-]{subsubsection.5.7.2.6}{\376\377\0005\000.\0007\000.\0002\000.\0006\000\040\000G\000e\000t\000E\000v\000e\000n\000t\000s\000B\000e\000t\000w\000e\000e\000n\000D\000a\000t\000e\000s}{subsection.5.7.2}% 51
\BOOKMARK [3][-]{subsubsection.5.7.2.7}{\376\377\0005\000.\0007\000.\0002\000.\0007\000\040\000l\000o\000g\000i\000n\000A\000u\000t\000h\000e\000n\000t\000i\000c\000a\000t\000i\000o\000n}{subsection.5.7.2}% 52
\BOOKMARK [3][-]{subsubsection.5.7.2.8}{\376\377\0005\000.\0007\000.\0002\000.\0008\000\040\000N\000o\000t\000i\000f\000y\000O\000b\000s\000e\000r\000v\000e\000r\000s}{subsection.5.7.2}% 53
\BOOKMARK [3][-]{subsubsection.5.7.2.9}{\376\377\0005\000.\0007\000.\0002\000.\0009\000\040\000S\000a\000v\000e\000E\000v\000e\000n\000t}{subsection.5.7.2}% 54
\BOOKMARK [3][-]{subsubsection.5.7.2.10}{\376\377\0005\000.\0007\000.\0002\000.\0001\0000\000\040\000U\000p\000d\000a\000t\000e\000E\000v\000e\000n\000t}{subsection.5.7.2}% 55
\BOOKMARK [1][-]{section.5.8}{\376\377\0005\000.\0008\000\040\000C\000a\000l\000e\000n\000d\000a\000r\000S\000y\000s\000t\000e\000m\000.\000M\000o\000d\000e\000l\000.\000I\000E\000v\000e\000n\000t\000\040\000I\000n\000t\000e\000r\000f\000a\000c\000e\000\040\000R\000e\000f\000e\000r\000e\000n\000c\000e}{chapter.5}% 56
\BOOKMARK [2][-]{subsection.5.8.1}{\376\377\0005\000.\0008\000.\0001\000\040\000D\000e\000t\000a\000i\000l\000e\000d\000\040\000D\000e\000s\000c\000r\000i\000p\000t\000i\000o\000n}{section.5.8}% 57
\BOOKMARK [1][-]{section.5.9}{\376\377\0005\000.\0009\000\040\000C\000a\000l\000e\000n\000d\000a\000r\000S\000y\000s\000t\000e\000m\000.\000C\000o\000n\000t\000r\000o\000l\000l\000e\000r\000.\000I\000n\000p\000u\000t\000C\000o\000n\000t\000r\000o\000l\000l\000e\000r\000\040\000C\000l\000a\000s\000s\000\040\000R\000e\000f\000e\000r\000e\000n\000c\000e}{chapter.5}% 58
\BOOKMARK [2][-]{subsection.5.9.1}{\376\377\0005\000.\0009\000.\0001\000\040\000D\000e\000t\000a\000i\000l\000e\000d\000\040\000D\000e\000s\000c\000r\000i\000p\000t\000i\000o\000n}{section.5.9}% 59
\BOOKMARK [2][-]{subsection.5.9.2}{\376\377\0005\000.\0009\000.\0002\000\040\000M\000e\000m\000b\000e\000r\000\040\000F\000u\000n\000c\000t\000i\000o\000n\000\040\000D\000o\000c\000u\000m\000e\000n\000t\000a\000t\000i\000o\000n}{section.5.9}% 60
\BOOKMARK [3][-]{subsubsection.5.9.2.1}{\376\377\0005\000.\0009\000.\0002\000.\0001\000\040\000C\000h\000a\000n\000g\000e\000O\000v\000e\000r\000v\000i\000e\000w\000T\000y\000p\000e}{subsection.5.9.2}% 61
\BOOKMARK [3][-]{subsubsection.5.9.2.2}{\376\377\0005\000.\0009\000.\0002\000.\0002\000\040\000C\000r\000e\000a\000t\000e\000C\000a\000l\000e\000n\000d\000a\000r\000E\000n\000t\000r\000y}{subsection.5.9.2}% 62
\BOOKMARK [3][-]{subsubsection.5.9.2.3}{\376\377\0005\000.\0009\000.\0002\000.\0003\000\040\000C\000r\000e\000a\000t\000e\000T\000a\000g}{subsection.5.9.2}% 63
\BOOKMARK [3][-]{subsubsection.5.9.2.4}{\376\377\0005\000.\0009\000.\0002\000.\0004\000\040\000g\000e\000t\000I\000n\000s\000t\000a\000n\000c\000e}{subsection.5.9.2}% 64
\BOOKMARK [3][-]{subsubsection.5.9.2.5}{\376\377\0005\000.\0009\000.\0002\000.\0005\000\040\000U\000p\000d\000a\000t\000e\000C\000a\000l\000e\000n\000d\000a\000r\000E\000n\000t\000r\000y}{subsection.5.9.2}% 65
\BOOKMARK [1][-]{section.5.10}{\376\377\0005\000.\0001\0000\000\040\000C\000a\000l\000e\000n\000d\000a\000r\000S\000y\000s\000t\000e\000m\000T\000e\000s\000t\000s\000.\000I\000n\000p\000u\000t\000C\000o\000n\000t\000r\000o\000l\000l\000e\000r\000T\000e\000s\000t\000\040\000C\000l\000a\000s\000s\000\040\000R\000e\000f\000e\000r\000e\000n\000c\000e}{chapter.5}% 66
\BOOKMARK [1][-]{section.5.11}{\376\377\0005\000.\0001\0001\000\040\000C\000a\000l\000e\000n\000d\000a\000r\000S\000y\000s\000t\000e\000m\000.\000M\000o\000d\000e\000l\000.\000I\000O\000b\000s\000e\000r\000v\000a\000b\000l\000e\000\040\000I\000n\000t\000e\000r\000f\000a\000c\000e\000\040\000R\000e\000f\000e\000r\000e\000n\000c\000e}{chapter.5}% 67
\BOOKMARK [2][-]{subsection.5.11.1}{\376\377\0005\000.\0001\0001\000.\0001\000\040\000D\000e\000t\000a\000i\000l\000e\000d\000\040\000D\000e\000s\000c\000r\000i\000p\000t\000i\000o\000n}{section.5.11}% 68
\BOOKMARK [2][-]{subsection.5.11.2}{\376\377\0005\000.\0001\0001\000.\0002\000\040\000M\000e\000m\000b\000e\000r\000\040\000F\000u\000n\000c\000t\000i\000o\000n\000\040\000D\000o\000c\000u\000m\000e\000n\000t\000a\000t\000i\000o\000n}{section.5.11}% 69
\BOOKMARK [3][-]{subsubsection.5.11.2.1}{\376\377\0005\000.\0001\0001\000.\0002\000.\0001\000\040\000B\000e\000O\000b\000s\000e\000r\000v\000e\000d}{subsection.5.11.2}% 70
\BOOKMARK [3][-]{subsubsection.5.11.2.2}{\376\377\0005\000.\0001\0001\000.\0002\000.\0002\000\040\000B\000e\000O\000b\000s\000e\000r\000v\000e\000d}{subsection.5.11.2}% 71
\BOOKMARK [3][-]{subsubsection.5.11.2.3}{\376\377\0005\000.\0001\0001\000.\0002\000.\0003\000\040\000N\000o\000t\000i\000f\000y\000O\000b\000s\000e\000r\000v\000e\000r\000s}{subsection.5.11.2}% 72
\BOOKMARK [1][-]{section.5.12}{\376\377\0005\000.\0001\0002\000\040\000C\000a\000l\000e\000n\000d\000a\000r\000S\000y\000s\000t\000e\000m\000.\000M\000o\000d\000e\000l\000.\000I\000O\000b\000s\000e\000r\000v\000e\000r\000\040\000I\000n\000t\000e\000r\000f\000a\000c\000e\000\040\000R\000e\000f\000e\000r\000e\000n\000c\000e}{chapter.5}% 73
\BOOKMARK [2][-]{subsection.5.12.1}{\376\377\0005\000.\0001\0002\000.\0001\000\040\000D\000e\000t\000a\000i\000l\000e\000d\000\040\000D\000e\000s\000c\000r\000i\000p\000t\000i\000o\000n}{section.5.12}% 74
\BOOKMARK [2][-]{subsection.5.12.2}{\376\377\0005\000.\0001\0002\000.\0002\000\040\000M\000e\000m\000b\000e\000r\000\040\000F\000u\000n\000c\000t\000i\000o\000n\000\040\000D\000o\000c\000u\000m\000e\000n\000t\000a\000t\000i\000o\000n}{section.5.12}% 75
\BOOKMARK [3][-]{subsubsection.5.12.2.1}{\376\377\0005\000.\0001\0002\000.\0002\000.\0001\000\040\000B\000e\000N\000o\000t\000i\000f\000i\000e\000d\000B\000y\000O\000b\000s\000e\000r\000v\000e\000d}{subsection.5.12.2}% 76
\BOOKMARK [1][-]{section.5.13}{\376\377\0005\000.\0001\0003\000\040\000C\000a\000l\000e\000n\000d\000a\000r\000S\000y\000s\000t\000e\000m\000.\000D\000a\000t\000a\000S\000t\000o\000r\000a\000g\000e\000.\000I\000S\000t\000o\000r\000a\000g\000e\000\040\000I\000n\000t\000e\000r\000f\000a\000c\000e\000\040\000R\000e\000f\000e\000r\000e\000n\000c\000e}{chapter.5}% 77
\BOOKMARK [2][-]{subsection.5.13.1}{\376\377\0005\000.\0001\0003\000.\0001\000\040\000D\000e\000t\000a\000i\000l\000e\000d\000\040\000D\000e\000s\000c\000r\000i\000p\000t\000i\000o\000n}{section.5.13}% 78
\BOOKMARK [2][-]{subsection.5.13.2}{\376\377\0005\000.\0001\0003\000.\0002\000\040\000M\000e\000m\000b\000e\000r\000\040\000F\000u\000n\000c\000t\000i\000o\000n\000\040\000D\000o\000c\000u\000m\000e\000n\000t\000a\000t\000i\000o\000n}{section.5.13}% 79
\BOOKMARK [3][-]{subsubsection.5.13.2.1}{\376\377\0005\000.\0001\0003\000.\0002\000.\0001\000\040\000C\000r\000e\000a\000t\000e\000T\000a\000g}{subsection.5.13.2}% 80
\BOOKMARK [3][-]{subsubsection.5.13.2.2}{\376\377\0005\000.\0001\0003\000.\0002\000.\0002\000\040\000G\000e\000t\000A\000l\000l\000E\000v\000e\000n\000t\000s}{subsection.5.13.2}% 81
\BOOKMARK [3][-]{subsubsection.5.13.2.3}{\376\377\0005\000.\0001\0003\000.\0002\000.\0003\000\040\000G\000e\000t\000E\000v\000e\000n\000t}{subsection.5.13.2}% 82
\BOOKMARK [3][-]{subsubsection.5.13.2.4}{\376\377\0005\000.\0001\0003\000.\0002\000.\0004\000\040\000G\000e\000t\000E\000v\000e\000n\000t\000s\000B\000e\000t\000w\000e\000e\000n\000D\000a\000t\000e\000s}{subsection.5.13.2}% 83
\BOOKMARK [3][-]{subsubsection.5.13.2.5}{\376\377\0005\000.\0001\0003\000.\0002\000.\0005\000\040\000l\000o\000g\000i\000n\000A\000u\000t\000h\000e\000n\000t\000i\000c\000a\000t\000i\000o\000n}{subsection.5.13.2}% 84
\BOOKMARK [3][-]{subsubsection.5.13.2.6}{\376\377\0005\000.\0001\0003\000.\0002\000.\0006\000\040\000S\000a\000v\000e\000E\000v\000e\000n\000t}{subsection.5.13.2}% 85
\BOOKMARK [3][-]{subsubsection.5.13.2.7}{\376\377\0005\000.\0001\0003\000.\0002\000.\0007\000\040\000U\000p\000d\000a\000t\000e\000E\000v\000e\000n\000t}{subsection.5.13.2}% 86
\BOOKMARK [1][-]{section.5.14}{\376\377\0005\000.\0001\0004\000\040\000C\000a\000l\000e\000n\000d\000a\000r\000S\000y\000s\000t\000e\000m\000.\000V\000i\000e\000w\000.\000L\000o\000g\000i\000n\000V\000i\000e\000w\000\040\000C\000l\000a\000s\000s\000\040\000R\000e\000f\000e\000r\000e\000n\000c\000e}{chapter.5}% 87
\BOOKMARK [2][-]{subsection.5.14.1}{\376\377\0005\000.\0001\0004\000.\0001\000\040\000D\000e\000t\000a\000i\000l\000e\000d\000\040\000D\000e\000s\000c\000r\000i\000p\000t\000i\000o\000n}{section.5.14}% 88
\BOOKMARK [1][-]{section.5.15}{\376\377\0005\000.\0001\0005\000\040\000C\000a\000l\000e\000n\000d\000a\000r\000S\000y\000s\000t\000e\000m\000.\000V\000i\000e\000w\000.\000M\000a\000i\000n\000V\000i\000e\000w\000\040\000C\000l\000a\000s\000s\000\040\000R\000e\000f\000e\000r\000e\000n\000c\000e}{chapter.5}% 89
\BOOKMARK [2][-]{subsection.5.15.1}{\376\377\0005\000.\0001\0005\000.\0001\000\040\000D\000e\000t\000a\000i\000l\000e\000d\000\040\000D\000e\000s\000c\000r\000i\000p\000t\000i\000o\000n}{section.5.15}% 90
\BOOKMARK [1][-]{section.5.16}{\376\377\0005\000.\0001\0006\000\040\000C\000a\000l\000e\000n\000d\000a\000r\000S\000y\000s\000t\000e\000m\000.\000M\000o\000d\000e\000l\000.\000N\000o\000t\000i\000f\000i\000c\000a\000t\000i\000o\000n\000\040\000C\000l\000a\000s\000s\000\040\000R\000e\000f\000e\000r\000e\000n\000c\000e}{chapter.5}% 91
\BOOKMARK [2][-]{subsection.5.16.1}{\376\377\0005\000.\0001\0006\000.\0001\000\040\000D\000e\000t\000a\000i\000l\000e\000d\000\040\000D\000e\000s\000c\000r\000i\000p\000t\000i\000o\000n}{section.5.16}% 92
\BOOKMARK [1][-]{section.5.17}{\376\377\0005\000.\0001\0007\000\040\000C\000a\000l\000e\000n\000d\000a\000r\000S\000y\000s\000t\000e\000m\000.\000C\000o\000n\000t\000r\000o\000l\000l\000e\000r\000.\000N\000o\000t\000i\000f\000i\000c\000a\000t\000i\000o\000n\000C\000o\000n\000t\000r\000o\000l\000l\000e\000r\000\040\000C\000l\000a\000s\000s\000\040\000R\000e\000f\000e\000r\000e\000n\000c\000e}{chapter.5}% 93
\BOOKMARK [2][-]{subsection.5.17.1}{\376\377\0005\000.\0001\0007\000.\0001\000\040\000D\000e\000t\000a\000i\000l\000e\000d\000\040\000D\000e\000s\000c\000r\000i\000p\000t\000i\000o\000n}{section.5.17}% 94
\BOOKMARK [2][-]{subsection.5.17.2}{\376\377\0005\000.\0001\0007\000.\0002\000\040\000M\000e\000m\000b\000e\000r\000\040\000F\000u\000n\000c\000t\000i\000o\000n\000\040\000D\000o\000c\000u\000m\000e\000n\000t\000a\000t\000i\000o\000n}{section.5.17}% 95
\BOOKMARK [3][-]{subsubsection.5.17.2.1}{\376\377\0005\000.\0001\0007\000.\0002\000.\0001\000\040\000B\000e\000N\000o\000t\000i\000f\000i\000e\000d\000B\000y\000O\000b\000s\000e\000r\000v\000e\000d}{subsection.5.17.2}% 96
\BOOKMARK [3][-]{subsubsection.5.17.2.2}{\376\377\0005\000.\0001\0007\000.\0002\000.\0002\000\040\000g\000e\000t\000I\000n\000s\000t\000a\000n\000c\000e}{subsection.5.17.2}% 97
\BOOKMARK [1][-]{section.5.18}{\376\377\0005\000.\0001\0008\000\040\000C\000a\000l\000e\000n\000d\000a\000r\000S\000y\000s\000t\000e\000m\000.\000V\000i\000e\000w\000.\000N\000o\000t\000i\000f\000i\000c\000a\000t\000i\000o\000n\000V\000i\000e\000w\000\040\000C\000l\000a\000s\000s\000\040\000R\000e\000f\000e\000r\000e\000n\000c\000e}{chapter.5}% 98
\BOOKMARK [2][-]{subsection.5.18.1}{\376\377\0005\000.\0001\0008\000.\0001\000\040\000D\000e\000t\000a\000i\000l\000e\000d\000\040\000D\000e\000s\000c\000r\000i\000p\000t\000i\000o\000n}{section.5.18}% 99
\BOOKMARK [1][-]{section.5.19}{\376\377\0005\000.\0001\0009\000\040\000C\000a\000l\000e\000n\000d\000a\000r\000S\000y\000s\000t\000e\000m\000.\000M\000o\000d\000e\000l\000.\000T\000a\000g\000\040\000C\000l\000a\000s\000s\000\040\000R\000e\000f\000e\000r\000e\000n\000c\000e}{chapter.5}% 100
\BOOKMARK [2][-]{subsection.5.19.1}{\376\377\0005\000.\0001\0009\000.\0001\000\040\000D\000e\000t\000a\000i\000l\000e\000d\000\040\000D\000e\000s\000c\000r\000i\000p\000t\000i\000o\000n}{section.5.19}% 101
\BOOKMARK [1][-]{section.5.20}{\376\377\0005\000.\0002\0000\000\040\000C\000a\000l\000e\000n\000d\000a\000r\000S\000y\000s\000t\000e\000m\000.\000C\000o\000n\000t\000r\000o\000l\000l\000e\000r\000.\000V\000i\000e\000w\000C\000o\000n\000t\000r\000o\000l\000l\000e\000r\000\040\000C\000l\000a\000s\000s\000\040\000R\000e\000f\000e\000r\000e\000n\000c\000e}{chapter.5}% 102
\BOOKMARK [2][-]{subsection.5.20.1}{\376\377\0005\000.\0002\0000\000.\0001\000\040\000D\000e\000t\000a\000i\000l\000e\000d\000\040\000D\000e\000s\000c\000r\000i\000p\000t\000i\000o\000n}{section.5.20}% 103
\BOOKMARK [2][-]{subsection.5.20.2}{\376\377\0005\000.\0002\0000\000.\0002\000\040\000M\000e\000m\000b\000e\000r\000\040\000F\000u\000n\000c\000t\000i\000o\000n\000\040\000D\000o\000c\000u\000m\000e\000n\000t\000a\000t\000i\000o\000n}{section.5.20}% 104
\BOOKMARK [3][-]{subsubsection.5.20.2.1}{\376\377\0005\000.\0002\0000\000.\0002\000.\0001\000\040\000B\000e\000N\000o\000t\000i\000f\000i\000e\000d\000B\000y\000O\000b\000s\000e\000r\000v\000e\000d}{subsection.5.20.2}% 105
\BOOKMARK [3][-]{subsubsection.5.20.2.2}{\376\377\0005\000.\0002\0000\000.\0002\000.\0002\000\040\000c\000r\000e\000a\000t\000e\000E\000v\000e\000n\000t\000V\000i\000e\000w}{subsection.5.20.2}% 106
\BOOKMARK [3][-]{subsubsection.5.20.2.3}{\376\377\0005\000.\0002\0000\000.\0002\000.\0003\000\040\000c\000r\000e\000a\000t\000e\000E\000v\000e\000n\000t\000V\000i\000e\000w}{subsection.5.20.2}% 107
\BOOKMARK [3][-]{subsubsection.5.20.2.4}{\376\377\0005\000.\0002\0000\000.\0002\000.\0004\000\040\000g\000e\000t\000I\000n\000s\000t\000a\000n\000c\000e}{subsection.5.20.2}% 108
\BOOKMARK [3][-]{subsubsection.5.20.2.5}{\376\377\0005\000.\0002\0000\000.\0002\000.\0005\000\040\000s\000t\000a\000r\000t\000M\000a\000i\000n\000V\000i\000e\000w}{subsection.5.20.2}% 109
\BOOKMARK [3][-]{subsubsection.5.20.2.6}{\376\377\0005\000.\0002\0000\000.\0002\000.\0006\000\040\000U\000p\000d\000a\000t\000e\000C\000a\000l\000e\000n\000d\000e\000r\000O\000v\000e\000r\000v\000i\000e\000w}{subsection.5.20.2}% 110
